<?xml version="1.0" encoding="UTF-8"?>
<!-- Generated by org.testng.reporters.JUnitReportReporter -->
<testsuite hostname="ParagGauravs-MacBook-Pro.local" failures="0" tests="4" name="Day1.HTTPRequest" time="2.491" errors="0" timestamp="2023-09-14T21:25:36 IST" skipped="0">
  <testcase classname="Day1.HTTPRequest" name="getUser" time="0.987"/>
  <system-out/>
  <testcase classname="Day1.HTTPRequest" name="createUser" time="0.591"/>
  <system-out/>
  <testcase classname="Day1.HTTPRequest" name="updateUser" time="0.483"/>
  <system-out/>
  <testcase classname="Day1.HTTPRequest" name="deleteUser" time="0.430"/>
  <system-out/>
</testsuite> <!-- Day1.HTTPRequest -->
